[2026-01-06 02:02:25,132] 42 root - WARNING - Settlement 'Dordabis' not found. Error: city not found
[2026-01-06 02:02:25,133] 82 root - INFO -  Skipped Dordabis
[2026-01-06 02:02:25,478] 42 root - WARNING - Settlement 'Seeis' not found. Error: city not found
[2026-01-06 02:02:25,478] 82 root - INFO -  Skipped Seeis
[2026-01-06 02:02:29,614] 42 root - WARNING - Settlement 'Okongo' not found. Error: city not found
[2026-01-06 02:02:29,614] 82 root - INFO -  Skipped Okongo
[2026-01-06 02:02:29,958] 42 root - WARNING - Settlement 'Outapi' not found. Error: city not found
[2026-01-06 02:02:29,958] 82 root - INFO -  Skipped Outapi
[2026-01-06 02:02:30,984] 42 root - WARNING - Settlement 'Ruacana' not found. Error: city not found
[2026-01-06 02:02:30,984] 82 root - INFO -  Skipped Ruacana
[2026-01-06 02:02:31,704] 42 root - WARNING - Settlement 'Omuthiya' not found. Error: city not found
[2026-01-06 02:02:31,704] 82 root - INFO -  Skipped Omuthiya
[2026-01-06 02:02:34,092] 42 root - WARNING - Settlement 'Sesfontein' not found. Error: city not found
[2026-01-06 02:02:34,092] 82 root - INFO -  Skipped Sesfontein
[2026-01-06 02:02:35,496] 42 root - WARNING - Settlement 'Divundu' not found. Error: city not found
[2026-01-06 02:02:35,496] 82 root - INFO -  Skipped Divundu
[2026-01-06 02:02:35,847] 42 root - WARNING - Settlement 'Nkurenkuru' not found. Error: city not found
[2026-01-06 02:02:35,847] 82 root - INFO -  Skipped Nkurenkuru
[2026-01-06 02:02:36,198] 42 root - WARNING - Settlement 'Mpungu' not found. Error: city not found
[2026-01-06 02:02:36,198] 82 root - INFO -  Skipped Mpungu
[2026-01-06 02:02:39,579] 71 root - INFO -  Weather data saved to data\weatherData.csv
