[2026-01-06 02:00:25,232] 42 root - WARNING - Settlement 'Dordabis' not found. Error: city not found
[2026-01-06 02:00:25,233] 78 root - INFO -  Skipped Dordabis
[2026-01-06 02:00:25,572] 42 root - WARNING - Settlement 'Seeis' not found. Error: city not found
[2026-01-06 02:00:25,573] 78 root - INFO -  Skipped Seeis
[2026-01-06 02:00:29,693] 42 root - WARNING - Settlement 'Okongo' not found. Error: city not found
[2026-01-06 02:00:29,693] 78 root - INFO -  Skipped Okongo
[2026-01-06 02:00:30,033] 42 root - WARNING - Settlement 'Outapi' not found. Error: city not found
[2026-01-06 02:00:30,034] 78 root - INFO -  Skipped Outapi
[2026-01-06 02:00:31,151] 42 root - WARNING - Settlement 'Ruacana' not found. Error: city not found
[2026-01-06 02:00:31,151] 78 root - INFO -  Skipped Ruacana
[2026-01-06 02:00:31,859] 42 root - WARNING - Settlement 'Omuthiya' not found. Error: city not found
[2026-01-06 02:00:31,859] 78 root - INFO -  Skipped Omuthiya
[2026-01-06 02:00:34,336] 42 root - WARNING - Settlement 'Sesfontein' not found. Error: city not found
[2026-01-06 02:00:34,336] 78 root - INFO -  Skipped Sesfontein
[2026-01-06 02:00:35,740] 42 root - WARNING - Settlement 'Divundu' not found. Error: city not found
[2026-01-06 02:00:35,740] 78 root - INFO -  Skipped Divundu
[2026-01-06 02:00:36,085] 42 root - WARNING - Settlement 'Nkurenkuru' not found. Error: city not found
[2026-01-06 02:00:36,085] 78 root - INFO -  Skipped Nkurenkuru
[2026-01-06 02:00:36,432] 42 root - WARNING - Settlement 'Mpungu' not found. Error: city not found
[2026-01-06 02:00:36,433] 78 root - INFO -  Skipped Mpungu
