[2026-01-06 18:39:36,319] 45 root - WARNING - Settlement 'Dordabis' not found. Error: city not found
[2026-01-06 18:39:36,320] 94 root - INFO -  Skipped Dordabis
[2026-01-06 18:39:37,672] 45 root - WARNING - Settlement 'Seeis' not found. Error: city not found
[2026-01-06 18:39:37,672] 94 root - INFO -  Skipped Seeis
[2026-01-06 18:39:45,501] 45 root - WARNING - Settlement 'Okongo' not found. Error: city not found
[2026-01-06 18:39:45,502] 94 root - INFO -  Skipped Okongo
[2026-01-06 18:39:46,104] 45 root - WARNING - Settlement 'Outapi' not found. Error: city not found
[2026-01-06 18:39:46,104] 94 root - INFO -  Skipped Outapi
[2026-01-06 18:39:49,777] 45 root - WARNING - Settlement 'Ruacana' not found. Error: city not found
[2026-01-06 18:39:49,777] 94 root - INFO -  Skipped Ruacana
[2026-01-06 18:39:51,973] 45 root - WARNING - Settlement 'Omuthiya' not found. Error: city not found
[2026-01-06 18:39:51,974] 94 root - INFO -  Skipped Omuthiya
[2026-01-06 18:40:03,640] 45 root - WARNING - Settlement 'Sesfontein' not found. Error: city not found
[2026-01-06 18:40:03,640] 94 root - INFO -  Skipped Sesfontein
[2026-01-06 18:40:15,782] 45 root - WARNING - Settlement 'Divundu' not found. Error: city not found
[2026-01-06 18:40:15,782] 94 root - INFO -  Skipped Divundu
[2026-01-06 18:40:18,594] 45 root - WARNING - Settlement 'Nkurenkuru' not found. Error: city not found
[2026-01-06 18:40:18,594] 94 root - INFO -  Skipped Nkurenkuru
[2026-01-06 18:40:21,504] 45 root - WARNING - Settlement 'Mpungu' not found. Error: city not found
[2026-01-06 18:40:21,504] 94 root - INFO -  Skipped Mpungu
[2026-01-06 18:40:38,693] 79 root - INFO -  Weather data saved to notebooks\data\raw\weatherData_06_01_2026_18_40_38.csv
